<?xml version="1.0" encoding="UTF-8"?>
<testsuite name="com.tpximpact.url_shortener.common.dto.util.RandomStringGeneratorTest" tests="1" skipped="0" failures="0" errors="0" timestamp="2026-05-31T16:18:31.474Z" hostname="archlinux" time="0.023">
  <properties/>
  <testcase name="StringsGeneratedShouldBeTheCorrectSize()" classname="com.tpximpact.url_shortener.common.dto.util.RandomStringGeneratorTest" time="0.015"/>
  <system-out><![CDATA[]]></system-out>
  <system-err><![CDATA[]]></system-err>
</testsuite>
