<?xml version="1.0" encoding="UTF-8"?>
<testsuite name="com.tpximpact.url_shortener.service.ShortenUrlServiceImplTest" tests="9" skipped="0" failures="0" errors="0" timestamp="2026-06-01T21:19:15.576Z" hostname="archlinux" time="0.293">
  <properties/>
  <testcase name="deleteAliasShouldCallPersistenceLayer()" classname="com.tpximpact.url_shortener.service.ShortenUrlServiceImplTest" time="0.222"/>
  <testcase name="findUrlByAliasShouldThrowExceptionWhenAliasDoesNotExist()" classname="com.tpximpact.url_shortener.service.ShortenUrlServiceImplTest" time="0.008"/>
  <testcase name="getAllUrlsShouldReturnAListOfDtosWhichAreFormattedFromPersistenceLayer()" classname="com.tpximpact.url_shortener.service.ShortenUrlServiceImplTest" time="0.01"/>
  <testcase name="deleteAliasShouldThrowNotFoundExceptionIfAliasDoesNotExist()" classname="com.tpximpact.url_shortener.service.ShortenUrlServiceImplTest" time="0.006"/>
  <testcase name="shortenUrlServiceShouldReturnRandomizedUrl()" classname="com.tpximpact.url_shortener.service.ShortenUrlServiceImplTest" time="0.007"/>
  <testcase name="shortenUrlServiceShouldReturnAliasIfProvided()" classname="com.tpximpact.url_shortener.service.ShortenUrlServiceImplTest" time="0.007"/>
  <testcase name="findUrlByAliasShouldASingleShortenedUrl()" classname="com.tpximpact.url_shortener.service.ShortenUrlServiceImplTest" time="0.005"/>
  <testcase name="shortenUrlServiceShouldSaveAliasToPersistenceLayerWhenValid()" classname="com.tpximpact.url_shortener.service.ShortenUrlServiceImplTest" time="0.009"/>
  <testcase name="shortenUrlServiceShouldThrowExceptionIfUrlAliasIsAlreadyInUse()" classname="com.tpximpact.url_shortener.service.ShortenUrlServiceImplTest" time="0.006"/>
  <system-out><![CDATA[]]></system-out>
  <system-err><![CDATA[]]></system-err>
</testsuite>
