<?xml version="1.0" encoding="UTF-8"?>
<testsuite name="com.tpximpact.url_shortener.service.ShortenUrlServiceImplTest" tests="9" skipped="0" failures="0" errors="0" timestamp="2026-05-31T16:18:32.137Z" hostname="archlinux" time="0.199">
  <properties/>
  <testcase name="deleteAliasShouldCallPersistenceLayer()" classname="com.tpximpact.url_shortener.service.ShortenUrlServiceImplTest" time="0.158"/>
  <testcase name="findUrlByAliasShouldThrowExceptionWhenAliasDoesNotExist()" classname="com.tpximpact.url_shortener.service.ShortenUrlServiceImplTest" time="0.005"/>
  <testcase name="getAllUrlsShouldReturnAListOfDtosWhichAreFormattedFromPersistenceLayer()" classname="com.tpximpact.url_shortener.service.ShortenUrlServiceImplTest" time="0.005"/>
  <testcase name="deleteAliasShouldThrowNotFoundExceptionIfAliasDoesNotExist()" classname="com.tpximpact.url_shortener.service.ShortenUrlServiceImplTest" time="0.004"/>
  <testcase name="shortenUrlServiceShouldReturnRandomizedUrl()" classname="com.tpximpact.url_shortener.service.ShortenUrlServiceImplTest" time="0.005"/>
  <testcase name="shortenUrlServiceShouldReturnAliasIfProvided()" classname="com.tpximpact.url_shortener.service.ShortenUrlServiceImplTest" time="0.004"/>
  <testcase name="findUrlByAliasShouldASingleShortenedUrl()" classname="com.tpximpact.url_shortener.service.ShortenUrlServiceImplTest" time="0.003"/>
  <testcase name="shortenUrlServiceShouldSaveAliasToPersistenceLayerWhenValid()" classname="com.tpximpact.url_shortener.service.ShortenUrlServiceImplTest" time="0.005"/>
  <testcase name="shortenUrlServiceShouldThrowExceptionIfUrlAliasIsAlreadyInUse()" classname="com.tpximpact.url_shortener.service.ShortenUrlServiceImplTest" time="0.004"/>
  <system-out><![CDATA[]]></system-out>
  <system-err><![CDATA[]]></system-err>
</testsuite>
